<?xml version="1.0" encoding="UTF-8"?>
<testsuite name="Matrix" tests="3" skipped="0" failures="1" errors="0" timestamp="2023-12-10T15:26:17" hostname="DESKTOP-E25QIIB" time="0.154">
  <properties/>
  <testcase name="Transpose" classname="Matrix" time="0.135"/>
  <testcase name="Cofactor" classname="Matrix" time="0.013"/>
  <testcase name="Inverse" classname="Matrix" time="0.006">
    <failure message="java.lang.AssertionError: expected:&lt;com.example.model.Matrix@2b62442c&gt; but was:&lt;com.example.model.Matrix@66629f63&gt;" type="java.lang.AssertionError">java.lang.AssertionError: expected:&lt;com.example.model.Matrix@2b62442c&gt; but was:&lt;com.example.model.Matrix@66629f63&gt;
	at org.junit.Assert.fail(Assert.java:89)
	at org.junit.Assert.failNotEquals(Assert.java:835)
	at org.junit.Assert.assertEquals(Assert.java:120)
	at org.junit.Assert.assertEquals(Assert.java:146)
	at MatrixSteps.iFindAsInverseResult(MatrixSteps.java:126)
	at ✽.The result of inverse is(file:///E:/2CSSIL/OGL/TP6_OGL/tp/Features/matrix.feature:34)
</failure>
  </testcase>
  <system-out><![CDATA[]]></system-out>
  <system-err><![CDATA[]]></system-err>
</testsuite>
